<?xml version="1.0" encoding="UTF-8"?>
<!-- Generated by org.testng.reporters.JUnitReportReporter -->
<testsuite hostname="DESKTOP-QCPSTRN" failures="0" tests="2" name="Academy.E2EProject.Home" time="51.558" errors="0" timestamp="2022-03-13T18:33:42 EDT" skipped="0">
  <testcase classname="Academy.E2EProject.Home" name="HomePageNavi" time="26.154"/>
  <system-out/>
  <testcase classname="Academy.E2EProject.Home" name="HomePageNavi" time="25.404"/>
  <system-out/>
</testsuite> <!-- Academy.E2EProject.Home -->
