<?xml version="1.0" encoding="UTF-8"?>
<!-- Generated by org.testng.reporters.JUnitReportReporter -->
<testsuite hostname="DESKTOP-QCPSTRN" failures="0" tests="1" name="Academy.E2EProject.ValidateTitle" time="0.412" errors="0" timestamp="2022-03-13T18:33:42 EDT" skipped="0">
  <testcase classname="Academy.E2EProject.ValidateTitle" name="Validate" time="0.412"/>
  <system-out/>
</testsuite> <!-- Academy.E2EProject.ValidateTitle -->
