<?xml version="1.0" encoding="UTF-8"?>
<!-- Generated by org.testng.reporters.JUnitReportReporter -->
<testsuite hostname="DESKTOP-QCPSTRN" failures="0" tests="1" name="Academy.E2EProject.HomePage" time="0.000" errors="0" timestamp="2022-03-12T17:53:14 EST" skipped="1">
  <testcase classname="Academy.E2EProject.HomePage" name="basePageNavigation" time="0.000">
    <skipped/>
  </testcase> <!-- basePageNavigation -->
  <system-out/>
</testsuite> <!-- Academy.E2EProject.HomePage -->
